# JRE version: OpenJDK Runtime Environment Microsoft-7208460 (11.0.18+10) (build 11.0.18+10-LTS)
# Java VM: OpenJDK 64-Bit Server VM Microsoft-7208460 (11.0.18+10-LTS, mixed mode, tiered, compressed oops, g1 gc, windows-amd64)
Heap:
 garbage-first heap   total 480256K, used 87878K [0x00000000a2200000, 0x0000000100000000)
  region size 1024K, 3 young (3072K), 3 survivors (3072K)
 Metaspace       used 70378K, capacity 71268K, committed 71504K, reserved 1112064K
  class space    used 7627K, capacity 7987K, committed 8020K, reserved 1048576K
GC Heap History (20 events):
Event: 6.215 GC heap after
{Heap after GC invocations=9 (full 0):
 garbage-first heap   total 115712K, used 38528K [0x00000000a2200000, 0x0000000100000000)
  region size 1024K, 5 young (5120K), 5 survivors (5120K)
 Metaspace       used 52177K, capacity 52734K, committed 52816K, reserved 1095680K
  class space    used 5943K, capacity 6172K, committed 6228K, reserved 1048576K
}
Event: 8.816 GC heap before
{Heap before GC invocations=9 (full 0):
 garbage-first heap   total 115712K, used 73344K [0x00000000a2200000, 0x0000000100000000)
  region size 1024K, 40 young (40960K), 5 survivors (5120K)
 Metaspace       used 59595K, capacity 60328K, committed 60496K, reserved 1101824K
  class space    used 6808K, capacity 7135K, committed 7252K, reserved 1048576K
}
Event: 8.858 GC heap after
{Heap after GC invocations=10 (full 0):
 garbage-first heap   total 115712K, used 43996K [0x00000000a2200000, 0x0000000100000000)
  region size 1024K, 6 young (6144K), 6 survivors (6144K)
 Metaspace       used 59595K, capacity 60328K, committed 60496K, reserved 1101824K
  class space    used 6808K, capacity 7135K, committed 7252K, reserved 1048576K
}
Event: 9.605 GC heap before
{Heap before GC invocations=11 (full 0):
 garbage-first heap   total 115712K, used 81884K [0x00000000a2200000, 0x0000000100000000)
  region size 1024K, 43 young (44032K), 6 survivors (6144K)
 Metaspace       used 59933K, capacity 60778K, committed 61008K, reserved 1103872K
  class space    used 6815K, capacity 7135K, committed 7252K, reserved 1048576K
}
Event: 9.658 GC heap after
{Heap after GC invocations=12 (full 0):
 garbage-first heap   total 139264K, used 49618K [0x00000000a2200000, 0x0000000100000000)
  region size 1024K, 6 young (6144K), 6 survivors (6144K)
 Metaspace       used 59933K, capacity 60778K, committed 61008K, reserved 1103872K
  class space    used 6815K, capacity 7135K, committed 7252K, reserved 1048576K
}
Event: 10.650 GC heap before
{Heap before GC invocations=12 (full 0):
 garbage-first heap   total 139264K, used 96722K [0x00000000a2200000, 0x0000000100000000)
  region size 1024K, 52 young (53248K), 6 survivors (6144K)
 Metaspace       used 61305K, capacity 62116K, committed 62416K, reserved 1103872K
  class space    used 6980K, capacity 7304K, committed 7380K, reserved 1048576K
}
Event: 10.716 GC heap after
{Heap after GC invocations=13 (full 0):
 garbage-first heap   total 139264K, used 57662K [0x00000000a2200000, 0x0000000100000000)
  region size 1024K, 7 young (7168K), 7 survivors (7168K)
 Metaspace       used 61305K, capacity 62116K, committed 62416K, reserved 1103872K
  class space    used 6980K, capacity 7304K, committed 7380K, reserved 1048576K
}
Event: 11.340 GC heap before
{Heap before GC invocations=13 (full 0):
 garbage-first heap   total 139264K, used 101694K [0x00000000a2200000, 0x0000000100000000)
  region size 1024K, 50 young (51200K), 7 survivors (7168K)
 Metaspace       used 61899K, capacity 62711K, committed 63056K, reserved 1105920K
  class space    used 7022K, capacity 7374K, committed 7508K, reserved 1048576K
}
Event: 11.410 GC heap after
{Heap after GC invocations=14 (full 0):
 garbage-first heap   total 139264K, used 63488K [0x00000000a2200000, 0x0000000100000000)
  region size 1024K, 5 young (5120K), 5 survivors (5120K)
 Metaspace       used 61899K, capacity 62711K, committed 63056K, reserved 1105920K
  class space    used 7022K, capacity 7374K, committed 7508K, reserved 1048576K
}
Event: 11.863 GC heap before
{Heap before GC invocations=14 (full 0):
 garbage-first heap   total 139264K, used 105472K [0x00000000a2200000, 0x0000000100000000)
  region size 1024K, 46 young (47104K), 5 survivors (5120K)
 Metaspace       used 62639K, capacity 63462K, committed 63568K, reserved 1105920K
  class space    used 7087K, capacity 7411K, committed 7508K, reserved 1048576K
}
Event: 11.899 GC heap after
{Heap after GC invocations=15 (full 0):
 garbage-first heap   total 139264K, used 65414K [0x00000000a2200000, 0x0000000100000000)
  region size 1024K, 2 young (2048K), 2 survivors (2048K)
 Metaspace       used 62639K, capacity 63462K, committed 63568K, reserved 1105920K
  class space    used 7087K, capacity 7411K, committed 7508K, reserved 1048576K
}
Event: 13.594 GC heap before
{Heap before GC invocations=15 (full 0):
 garbage-first heap   total 139264K, used 99206K [0x00000000a2200000, 0x0000000100000000)
  region size 1024K, 36 young (36864K), 2 survivors (2048K)
 Metaspace       used 65782K, capacity 66641K, committed 66896K, reserved 1107968K
  class space    used 7355K, capacity 7702K, committed 7764K, reserved 1048576K
}
Event: 13.642 GC heap after
{Heap after GC invocations=16 (full 0):
 garbage-first heap   total 210944K, used 68655K [0x00000000a2200000, 0x0000000100000000)
  region size 1024K, 6 young (6144K), 6 survivors (6144K)
 Metaspace       used 65782K, capacity 66641K, committed 66896K, reserved 1107968K
  class space    used 7355K, capacity 7702K, committed 7764K, reserved 1048576K
}
Event: 16.514 GC heap before
{Heap before GC invocations=17 (full 0):
 garbage-first heap   total 210944K, used 137263K [0x00000000a2200000, 0x0000000100000000)
  region size 1024K, 70 young (71680K), 6 survivors (6144K)
 Metaspace       used 68799K, capacity 69689K, committed 69968K, reserved 1112064K
  class space    used 7567K, capacity 7915K, committed 8020K, reserved 1048576K
}
Event: 16.547 GC heap after
{Heap after GC invocations=18 (full 0):
 garbage-first heap   total 210944K, used 77814K [0x00000000a2200000, 0x0000000100000000)
  region size 1024K, 9 young (9216K), 9 survivors (9216K)
 Metaspace       used 68799K, capacity 69689K, committed 69968K, reserved 1112064K
  class space    used 7567K, capacity 7915K, committed 8020K, reserved 1048576K
}
Event: 23.132 GC heap before
{Heap before GC invocations=18 (full 0):
 garbage-first heap   total 210944K, used 156662K [0x00000000a2200000, 0x0000000100000000)
  region size 1024K, 86 young (88064K), 9 survivors (9216K)
 Metaspace       used 69665K, capacity 70575K, committed 70736K, reserved 1112064K
  class space    used 7587K, capacity 7950K, committed 8020K, reserved 1048576K
}
Event: 24.369 GC heap after
{Heap after GC invocations=19 (full 0):
 garbage-first heap   total 210944K, used 85522K [0x00000000a2200000, 0x0000000100000000)
  region size 1024K, 8 young (8192K), 8 survivors (8192K)
 Metaspace       used 69665K, capacity 70575K, committed 70736K, reserved 1112064K
  class space    used 7587K, capacity 7950K, committed 8020K, reserved 1048576K
}
Event: 24.742 GC heap before
{Heap before GC invocations=19 (full 0):
 garbage-first heap   total 210944K, used 87570K [0x00000000a2200000, 0x0000000100000000)
  region size 1024K, 10 young (10240K), 8 survivors (8192K)
 Metaspace       used 69703K, capacity 70639K, committed 70736K, reserved 1112064K
  class space    used 7588K, capacity 7950K, committed 8020K, reserved 1048576K
}
Event: 24.799 GC heap after
{Heap after GC invocations=20 (full 0):
 garbage-first heap   total 210944K, used 86733K [0x00000000a2200000, 0x0000000100000000)
  region size 1024K, 2 young (2048K), 2 survivors (2048K)
 Metaspace       used 69703K, capacity 70639K, committed 70736K, reserved 1112064K
  class space    used 7588K, capacity 7950K, committed 8020K, reserved 1048576K
}
Event: 29.219 GC heap before
{Heap before GC invocations=20 (full 0):
 garbage-first heap   total 210944K, used 117453K [0x00000000a2200000, 0x0000000100000000)
  region size 1024K, 32 young (32768K), 2 survivors (2048K)
 Metaspace       used 70378K, capacity 71268K, committed 71504K, reserved 1112064K
  class space    used 7627K, capacity 7987K, committed 8020K, reserved 1048576K
}

